<?xml version="1.0" encoding="UTF-8"?>
<!-- Generated by org.testng.reporters.JUnitReportReporter -->
<testsuite skipped="0" hostname="Nikhil314521801" name="com.qa.hubspot.tests.LoginPageTest" tests="3" failures="0" timestamp="2020-05-09T20:47:34 IST" time="41.297" errors="0">
  <testcase name="verifyLoginPageTitleTest" time="12.595" classname="com.qa.hubspot.tests.LoginPageTest"/>
  <system-out/>
  <testcase name="verifysignUpLinkTest" time="13.121" classname="com.qa.hubspot.tests.LoginPageTest"/>
  <system-out/>
  <testcase name="loginTest" time="15.581" classname="com.qa.hubspot.tests.LoginPageTest"/>
  <system-out/>
</testsuite> <!-- com.qa.hubspot.tests.LoginPageTest -->
