<?xml version="1.0" encoding="UTF-8"?>
<!-- Generated by org.testng.reporters.JUnitReportReporter -->
<testsuite skipped="0" hostname="Nikhil314521801" name="com.qa.hubspot.tests.LoginPageTest" tests="2" failures="0" timestamp="2020-05-16T20:32:15 IST" time="50.660" errors="0">
  <testcase name="verifyLoginPageTitleTest" time="16.711" classname="com.qa.hubspot.tests.LoginPageTest"/>
  <system-out/>
  <testcase name="loginTest" time="33.949" classname="com.qa.hubspot.tests.LoginPageTest"/>
  <system-out/>
</testsuite> <!-- com.qa.hubspot.tests.LoginPageTest -->
