<?xml version="1.0" encoding="UTF-8"?>
<!-- Generated by org.testng.reporters.JUnitReportReporter -->
<testsuite skipped="0" hostname="Nikhil314521801" name="com.qa.hubspot.tests.ContactsPageTest$HomePageTest" tests="5" failures="0" timestamp="2020-05-09T20:47:34 IST" time="113.950" errors="0">
  <testcase name="verifyContactsPageTitletest" time="20.430" classname="com.qa.hubspot.tests.ContactsPageTest$HomePageTest"/>
  <system-out/>
  <testcase name="createContactTest" time="24.307" classname="com.qa.hubspot.tests.ContactsPageTest$HomePageTest"/>
  <system-out/>
  <testcase name="createContactTest" time="23.776" classname="com.qa.hubspot.tests.ContactsPageTest$HomePageTest"/>
  <system-out/>
  <testcase name="createContactTest" time="22.229" classname="com.qa.hubspot.tests.ContactsPageTest$HomePageTest"/>
  <system-out/>
  <testcase name="createContactTest" time="23.208" classname="com.qa.hubspot.tests.ContactsPageTest$HomePageTest"/>
  <system-out/>
</testsuite> <!-- com.qa.hubspot.tests.ContactsPageTest$HomePageTest -->
