<?xml version="1.0" encoding="UTF-8"?>
<!-- Generated by org.testng.reporters.JUnitReportReporter -->
<testsuite skipped="0" hostname="Nikhil314521801" name="com.qa.hubspot.tests.LoginPageTest" tests="3" failures="0" timestamp="2020-05-15T20:26:08 IST" time="43.583" errors="0">
  <testcase name="verifyLoginPageTitleTest" time="12.580" classname="com.qa.hubspot.tests.LoginPageTest"/>
  <system-out/>
  <testcase name="verifysignUpLinkTest" time="12.736" classname="com.qa.hubspot.tests.LoginPageTest"/>
  <system-out/>
  <testcase name="loginTest" time="18.267" classname="com.qa.hubspot.tests.LoginPageTest"/>
  <system-out/>
</testsuite> <!-- com.qa.hubspot.tests.LoginPageTest -->
