<?xml version="1.0" encoding="UTF-8"?>
<!-- Generated by org.testng.reporters.JUnitReportReporter -->
<testsuite skipped="0" hostname="Nikhil314521801" name="com.qa.hubspot.tests.HomePageTest" tests="3" failures="0" timestamp="2020-05-09T20:47:34 IST" time="51.085" errors="0">
  <testcase name="verifyHomePageTitleTest" time="15.737" classname="com.qa.hubspot.tests.HomePageTest"/>
  <system-out/>
  <testcase name="verifyHomepageHeaderTest" time="15.905" classname="com.qa.hubspot.tests.HomePageTest"/>
  <system-out/>
  <testcase name="verifyLoggedInUserTest" time="19.443" classname="com.qa.hubspot.tests.HomePageTest"/>
  <system-out/>
</testsuite> <!-- com.qa.hubspot.tests.HomePageTest -->
